app/build/outputs/logs/manifest-merger-release-report.txt
-- Merging decision tree log ---
manifest
ADDED from src/main/AndroidManifest.xml:2:1-52:12
	xmlns:android
		ADDED from src/main/AndroidManifest.xml:2:11-69
	package
		ADDED from src/main/AndroidManifest.xml:3:7-55
		INJECTED from src/main/AndroidManifest.xml
		INJECTED from src/main/AndroidManifest.xml
	android:versionName
		ADDED from src/main/AndroidManifest.xml:4:31-56
	android:versionCode
		ADDED from src/main/AndroidManifest.xml:4:7-30
		INJECTED from src/main/AndroidManifest.xml
		INJECTED from src/main/AndroidManifest.xml
application
ADDED from src/main/AndroidManifest.xml:5:5-43:15
	android:label
		ADDED from src/main/AndroidManifest.xml:5:78-113
	android:debuggable
		ADDED from src/main/AndroidManifest.xml:5:52-77
	android:icon
		ADDED from src/main/AndroidManifest.xml:5:18-51
activity#se.kth.ssvl.tslab.bytewalla.androiddtn.DTNManager
ADDED from src/main/AndroidManifest.xml:11:5-16:16
	android:label
		ADDED from src/main/AndroidManifest.xml:11:42-67
	android:name
		ADDED from src/main/AndroidManifest.xml:11:15-41
intent-filter#android.intent.action.MAIN+android.intent.category.LAUNCHER
ADDED from src/main/AndroidManifest.xml:12:8-15:29
action#android.intent.action.MAIN
ADDED from src/main/AndroidManifest.xml:13:17-69
	android:name
		ADDED from src/main/AndroidManifest.xml:13:25-66
category#android.intent.category.LAUNCHER
ADDED from src/main/AndroidManifest.xml:14:17-77
	android:name
		ADDED from src/main/AndroidManifest.xml:14:27-74
activity#se.kth.ssvl.tslab.bytewalla.androiddtn.DTNConfigEditor
ADDED from src/main/AndroidManifest.xml:18:9-95
	android:label
		ADDED from src/main/AndroidManifest.xml:18:51-82
	android:name
		ADDED from src/main/AndroidManifest.xml:18:19-50
activity#se.kth.ssvl.tslab.bytewalla.androiddtn.apps.AddContacts
ADDED from src/main/AndroidManifest.xml:20:9-93
	android:label
		ADDED from src/main/AndroidManifest.xml:20:52-80
	android:name
		ADDED from src/main/AndroidManifest.xml:20:19-51
activity#se.kth.ssvl.tslab.bytewalla.androiddtn.apps.DTNMessage
ADDED from src/main/AndroidManifest.xml:22:9-88
	android:label
		ADDED from src/main/AndroidManifest.xml:22:51-75
	android:name
		ADDED from src/main/AndroidManifest.xml:22:19-50
activity#se.kth.ssvl.tslab.bytewalla.androiddtn.apps.DTNMessageView
ADDED from src/main/AndroidManifest.xml:24:9-95
	android:label
		ADDED from src/main/AndroidManifest.xml:24:55-82
	android:name
		ADDED from src/main/AndroidManifest.xml:24:19-54
activity#se.kth.ssvl.tslab.bytewalla.androiddtn.apps.DTNSend
ADDED from src/main/AndroidManifest.xml:26:9-28:16
	android:label
		ADDED from src/main/AndroidManifest.xml:26:48-71
	android:name
		ADDED from src/main/AndroidManifest.xml:26:19-47
activity#se.kth.ssvl.tslab.bytewalla.androiddtn.apps.DTNReceive
ADDED from src/main/AndroidManifest.xml:30:6-32:16
	android:label
		ADDED from src/main/AndroidManifest.xml:30:48-74
	android:name
		ADDED from src/main/AndroidManifest.xml:30:16-47
activity#se.kth.ssvl.tslab.bytewalla.androiddtn.apps.DTNDiscovery
ADDED from src/main/AndroidManifest.xml:34:9-36:20
	android:label
		ADDED from src/main/AndroidManifest.xml:34:53-81
	android:name
		ADDED from src/main/AndroidManifest.xml:34:19-52
activity#se.kth.ssvl.tslab.bytewalla.androiddtn.apps.DTNApps
ADDED from src/main/AndroidManifest.xml:38:9-40:16
	android:label
		ADDED from src/main/AndroidManifest.xml:38:48-71
	android:name
		ADDED from src/main/AndroidManifest.xml:38:19-47
service#se.kth.ssvl.tslab.bytewalla.androiddtn.DTNService
ADDED from src/main/AndroidManifest.xml:41:5-81
	android:label
		ADDED from src/main/AndroidManifest.xml:41:42-68
	android:name
		ADDED from src/main/AndroidManifest.xml:41:15-41
uses-sdk
ADDED from src/main/AndroidManifest.xml:44:5-43
	android:targetSdkVersion
		INJECTED from src/main/AndroidManifest.xml
		INJECTED from src/main/AndroidManifest.xml
	android:minSdkVersion
		ADDED from src/main/AndroidManifest.xml:44:15-40
		INJECTED from src/main/AndroidManifest.xml
		INJECTED from src/main/AndroidManifest.xml
uses-permission#android.permission.WRITE_EXTERNAL_STORAGE
ADDED from src/main/AndroidManifest.xml:46:1-93
	android:name
		ADDED from src/main/AndroidManifest.xml:46:18-74
uses-permission#android.permission.ACCESS_WIFI_STATE
ADDED from src/main/AndroidManifest.xml:47:1-88
	android:name
		ADDED from src/main/AndroidManifest.xml:47:18-69
uses-permission#android.permission.ACCESS_NETWORK_STATE
ADDED from src/main/AndroidManifest.xml:48:1-91
	android:name
		ADDED from src/main/AndroidManifest.xml:48:18-72
uses-permission#android.permission.INTERNET
ADDED from src/main/AndroidManifest.xml:50:1-79
	android:name
		ADDED from src/main/AndroidManifest.xml:50:18-60